<?xml version="1.0" encoding="UTF-8"?>
<testsuite name="com.ApplicationTest" tests="3" skipped="0" failures="0" errors="0" timestamp="2021-10-15T03:07:56" hostname="duncans-mbp.lan" time="0.849">
  <properties/>
  <testcase name="server should handle calls to root" classname="com.ApplicationTest" time="0.752"/>
  <testcase name="files with content can be loaded" classname="com.ApplicationTest" time="0.072"/>
  <testcase name="nonexistent files or directories returns error" classname="com.ApplicationTest" time="0.025"/>
  <system-out><![CDATA[2021-10-14 20:07:57.379 [Test worker] INFO  ktor.test - Autoreload is disabled because the development mode is off.
2021-10-14 20:07:57.389 [Test worker] INFO  ktor.test - Application started in 0.067 seconds.
2021-10-14 20:07:57.430 [Test worker] INFO  com.plugin.ConfigureSerialization - /Users/duncan/workspaces/interview_2021/weavegrid/testDir
2021-10-14 20:07:57.567 [DefaultDispatcher-worker-1 @request#1] INFO  com.plugin.ConfigureSerialization - Found file or directory successfully
2021-10-14 20:07:57.680 [Test worker] INFO  ktor.test - Autoreload is disabled because the development mode is off.
2021-10-14 20:07:57.680 [Test worker] INFO  ktor.test - Application started in 0.001 seconds.
2021-10-14 20:07:57.682 [Test worker] INFO  com.plugin.ConfigureSerialization - /Users/duncan/workspaces/interview_2021/weavegrid/testDir
2021-10-14 20:07:57.704 [DefaultDispatcher-worker-2 @request#5] INFO  com.plugin.ConfigureSerialization - Found file or directory successfully
2021-10-14 20:07:57.744 [Test worker] INFO  ktor.test - Autoreload is disabled because the development mode is off.
2021-10-14 20:07:57.744 [Test worker] INFO  ktor.test - Application started in 0.001 seconds.
2021-10-14 20:07:57.746 [Test worker] INFO  com.plugin.ConfigureSerialization - /Users/duncan/workspaces/interview_2021/weavegrid/testDir
2021-10-14 20:07:57.753 [DefaultDispatcher-worker-3 @request#9] ERROR com.plugin.ConfigureSerialization - Could not find file or directory
]]></system-out>
  <system-err><![CDATA[]]></system-err>
</testsuite>
